/home/andreas.peintner/.local/share/virtualenvs/mediaeval2021-L4uY4Np9/lib/python3.8/site-packages/torch/nn/functional.py:718: UserWarning: Named tensors and all their associated APIs are an experimental feature and subject to change. Please do not use them for anything important until they are released as stable. (Triggered internally at  /pytorch/c10/core/TensorImpl.h:1156.)
  return torch.max_pool2d(input, kernel_size, stride, padding, dilation, ceil_mode)
Epoch [1/100] train loss: 0.412540 valid roc-auc: 0.515976
Epoch [2/100] train loss: 0.181267 valid roc-auc: 0.501181
Epoch [3/100] train loss: 0.145786 valid roc-auc: 0.511577
Epoch [4/100] train loss: 0.136590 valid roc-auc: 0.507370
Epoch [5/100] train loss: 0.131626 valid roc-auc: 0.514949
Epoch [6/100] train loss: 0.128943 valid roc-auc: 0.534577
Epoch [7/100] train loss: 0.125721 valid roc-auc: 0.549333
Epoch [8/100] train loss: 0.123243 valid roc-auc: 0.536452
Epoch [9/100] train loss: 0.120339 valid roc-auc: 0.534995
Epoch [10/100] train loss: 0.118562 valid roc-auc: 0.525890
Epoch [11/100] train loss: 0.115892 valid roc-auc: 0.540895
Epoch [12/100] train loss: 0.112331 valid roc-auc: 0.521576
Epoch [13/100] train loss: 0.108204 valid roc-auc: 0.536617
Epoch [14/100] train loss: 0.103724 valid roc-auc: 0.531442
Epoch [15/100] train loss: 0.098071 valid roc-auc: 0.531817
Epoch [16/100] train loss: 0.091127 valid roc-auc: 0.541781
Epoch [17/100] train loss: 0.084437 valid roc-auc: 0.529671
	validation: best auc: 0.5493326995542861
{
    "f1_micro": 0.10043978148973515,
    "f1_macro": 0.10294216847192193,
    "roc_auc": 0.6769981107828364,
    "average_precision": 0.08615456035122766,
    "precision_micro": 0.05426744805540756,
    "precision_macro": 0.05922229753932866,
    "recall_micro": 0.673320994182972,
    "recall_macro": 0.6478780971983266,
    "average_precision_all": [
        0.030147267592462345,
        0.07109618880156258,
        0.07552966584042842,
        0.029431268446126008,
        0.06492955746716131,
        0.02887570556826188,
        0.11717426506463055,
        0.10500259125445242,
        0.09304688340312608,
        0.011169949394671173,
        0.10825665479947634,
        0.17328411363143528,
        0.4607315583605388,
        0.039878120718717505,
        0.033471355537967505,
        0.03164227877727045,
        0.06358666568204288,
        0.1328799572962981,
        0.14761047250177334,
        0.22445661340139497,
        0.03892118215871823,
        0.30409485396029645,
        0.05702172133875383,
        0.019428594762224076,
        0.03182758241601801,
        0.016238481925343953,
        0.2344932335295457,
        0.1269475629249561,
        0.01036804467887117,
        0.01664863286632184,
        0.09335439212742208,
        0.10152051257849587,
        0.12484893489262659,
        0.041441649392205675,
        0.09290607921509786,
        0.16501832867590677,
        0.02199102911058011,
        0.023987094737021864,
        0.05196236898377031,
        0.059124607465969835,
        0.08411910955459881,
        0.11953518687966394,
        0.020409925491999926,
        0.03831480324597292,
        0.09555691708288407,
        0.008632580746533246,
        0.019228873621376444,
        0.041216062110691024,
        0.026079857626673447,
        0.029253855447830934,
        0.09994166812920667,
        0.37885077607880147,
        0.09582557711668178,
        0.00965147318833599,
        0.040368781788580055,
        0.043323910278973504
    ],
    "roc_auc_all": [
        0.6647177074422583,
        0.6239050886220698,
        0.673619028660019,
        0.624830176616319,
        0.7279397241811993,
        0.5761578814486492,
        0.7768834083712977,
        0.6803806015960712,
        0.6966706351077373,
        0.5170253447784874,
        0.7668013461054909,
        0.6710998766411137,
        0.9177325550297926,
        0.5506419995099241,
        0.5952610441767068,
        0.6218923485397057,
        0.5229539635421449,
        0.6075724280770883,
        0.7487632134907047,
        0.8009918128328437,
        0.8708448540706605,
        0.7389644657187915,
        0.8255500207555002,
        0.49992890032502707,
        0.6366291971333988,
        0.6477224931509964,
        0.7266725893995747,
        0.9124679029957203,
        0.4327841451766953,
        0.552608782568135,
        0.6302325900326393,
        0.6585024126362737,
        0.7332472555968537,
        0.6552552723680899,
        0.624758141879258,
        0.753337788981218,
        0.4685760613667191,
        0.6447137248968131,
        0.8581243469174504,
        0.7082013259409194,
        0.8042620810987203,
        0.6955841168151116,
        0.6560988638168247,
        0.5174963531798595,
        0.6674580925682247,
        0.5897374919967073,
        0.47928048654777855,
        0.6203364590538175,
        0.7328611991005924,
        0.7492977528089888,
        0.8755773982167794,
        0.9031852728012898,
        0.7922273920305416,
        0.5393044306812769,
        0.7151728133817009,
        0.6290515430602681
    ],
    "confusion_matrix": [
        [
            [
                3304,
                871
            ],
            [
                33,
                23
            ]
        ],
        [
            [
                3739,
                386
            ],
            [
                73,
                33
            ]
        ],
        [
            [
                2617,
                1451
            ],
            [
                71,
                92
            ]
        ],
        [
            [
                2737,
                1434
            ],
            [
                27,
                33
            ]
        ],
        [
            [
                3397,
                751
            ],
            [
                45,
                38
            ]
        ],
        [
            [
                3314,
                831
            ],
            [
                64,
                22
            ]
        ],
        [
            [
                2050,
                1996
            ],
            [
                19,
                166
            ]
        ],
        [
            [
                1918,
                2132
            ],
            [
                41,
                140
            ]
        ],
        [
            [
                2410,
                1654
            ],
            [
                52,
                115
            ]
        ],
        [
            [
                2731,
                1453
            ],
            [
                28,
                19
            ]
        ],
        [
            [
                3300,
                789
            ],
            [
                52,
                90
            ]
        ],
        [
            [
                1605,
                2275
            ],
            [
                71,
                280
            ]
        ],
        [
            [
                3440,
                654
            ],
            [
                21,
                116
            ]
        ],
        [
            [
                729,
                3352
            ],
            [
                15,
                135
            ]
        ],
        [
            [
                2136,
                2014
            ],
            [
                32,
                49
            ]
        ],
        [
            [
                1324,
                2819
            ],
            [
                13,
                75
            ]
        ],
        [
            [
                1941,
                2044
            ],
            [
                106,
                140
            ]
        ],
        [
            [
                1655,
                2161
            ],
            [
                121,
                294
            ]
        ],
        [
            [
                2676,
                1288
            ],
            [
                80,
                187
            ]
        ],
        [
            [
                3218,
                799
            ],
            [
                77,
                137
            ]
        ],
        [
            [
                2963,
                1237
            ],
            [
                5,
                26
            ]
        ],
        [
            [
                2705,
                957
            ],
            [
                206,
                363
            ]
        ],
        [
            [
                2815,
                1343
            ],
            [
                13,
                60
            ]
        ],
        [
            [
                2687,
                1473
            ],
            [
                47,
                24
            ]
        ],
        [
            [
                965,
                3200
            ],
            [
                8,
                58
            ]
        ],
        [
            [
                3325,
                864
            ],
            [
                25,
                17
            ]
        ],
        [
            [
                2553,
                1340
            ],
            [
                112,
                226
            ]
        ],
        [
            [
                3849,
                357
            ],
            [
                5,
                20
            ]
        ],
        [
            [
                2647,
                1541
            ],
            [
                29,
                14
            ]
        ],
        [
            [
                1972,
                2216
            ],
            [
                18,
                25
            ]
        ],
        [
            [
                2790,
                1261
            ],
            [
                80,
                100
            ]
        ],
        [
            [
                3134,
                893
            ],
            [
                113,
                91
            ]
        ],
        [
            [
                2622,
                1402
            ],
            [
                61,
                146
            ]
        ],
        [
            [
                2078,
                2051
            ],
            [
                27,
                75
            ]
        ],
        [
            [
                1706,
                2278
            ],
            [
                60,
                187
            ]
        ],
        [
            [
                3500,
                543
            ],
            [
                102,
                86
            ]
        ],
        [
            [
                1682,
                2456
            ],
            [
                46,
                47
            ]
        ],
        [
            [
                2349,
                1825
            ],
            [
                20,
                37
            ]
        ],
        [
            [
                2524,
                1652
            ],
            [
                3,
                52
            ]
        ],
        [
            [
                2681,
                1451
            ],
            [
                32,
                67
            ]
        ],
        [
            [
                1732,
                2414
            ],
            [
                7,
                78
            ]
        ],
        [
            [
                2434,
                1488
            ],
            [
                103,
                206
            ]
        ],
        [
            [
                2673,
                1525
            ],
            [
                15,
                18
            ]
        ],
        [
            [
                614,
                3471
            ],
            [
                8,
                138
            ]
        ],
        [
            [
                1564,
                2440
            ],
            [
                31,
                196
            ]
        ],
        [
            [
                1740,
                2465
            ],
            [
                8,
                18
            ]
        ],
        [
            [
                3261,
                881
            ],
            [
                74,
                15
            ]
        ],
        [
            [
                1512,
                2590
            ],
            [
                18,
                111
            ]
        ],
        [
            [
                3336,
                866
            ],
            [
                12,
                17
            ]
        ],
        [
            [
                2975,
                1208
            ],
            [
                18,
                30
            ]
        ],
        [
            [
                3161,
                1012
            ],
            [
                10,
                48
            ]
        ],
        [
            [
                3413,
                665
            ],
            [
                31,
                122
            ]
        ],
        [
            [
                3479,
                712
            ],
            [
                16,
                24
            ]
        ],
        [
            [
                2700,
                1498
            ],
            [
                22,
                11
            ]
        ],
        [
            [
                2309,
                1826
            ],
            [
                18,
                78
            ]
        ],
        [
            [
                1924,
                2202
            ],
            [
                27,
                78
            ]
        ]
    ]
}
